<?xml version="1.0" encoding="UTF-8"?>
<testsuite name="com.techfeed.api.entity.ArticleTest" tests="7" skipped="0" failures="0" errors="0" timestamp="2025-08-10T00:22:47.573Z" hostname="mba.local" time="0.075">
  <properties/>
  <testcase name="testIsPublishedToday()" classname="com.techfeed.api.entity.ArticleTest" time="0.05"/>
  <testcase name="testArticleConstructorSetsDefaults()" classname="com.techfeed.api.entity.ArticleTest" time="0.004"/>
  <testcase name="testPreUpdate()" classname="com.techfeed.api.entity.ArticleTest" time="0.014"/>
  <testcase name="testToString()" classname="com.techfeed.api.entity.ArticleTest" time="0.004"/>
  <testcase name="testIsPublishedOnDate()" classname="com.techfeed.api.entity.ArticleTest" time="0.0"/>
  <testcase name="testEqualsAndHashCode()" classname="com.techfeed.api.entity.ArticleTest" time="0.001"/>
  <testcase name="testArticleParameterizedConstructor()" classname="com.techfeed.api.entity.ArticleTest" time="0.0"/>
  <system-out><![CDATA[]]></system-out>
  <system-err><![CDATA[]]></system-err>
</testsuite>
